<?xml version="1.0" encoding="UTF-8"?>
<testng-results skipped="0" failed="0" ignored="0" total="0" passed="0">
  <reporter-output>
  </reporter-output>
  <suite name="testrunners.MenuManagementTest" duration-ms="4" started-at="2023-02-24T22:24:22 PST" finished-at="2023-02-24T22:24:22 PST">
    <groups>
    </groups>
    <test name="Command line test" duration-ms="4" started-at="2023-02-24T22:24:22 PST" finished-at="2023-02-24T22:24:22 PST">
    </test> <!-- Command line test -->
  </suite> <!-- testrunners.MenuManagementTest -->
</testng-results>
